<?xml version="1.0" encoding="UTF-8"?>
<!-- Generated by org.testng.reporters.JUnitReportReporter -->
<testsuite name="com.yc.suite.PayTest" tests="1" time="0.001" ignored="0" failures="0" timestamp="07 十一月 2018 00:30:55 GMT" skipped="0" hostname="6K34I5TND988MCK" errors="0">
  <testcase name="Pay" time="0.001" classname="com.yc.suite.PayTest"/>
</testsuite> <!-- com.yc.suite.PayTest -->
