<?xml version="1.0" encoding="UTF-8"?>
<!-- Generated by org.testng.reporters.JUnitReportReporter -->
<testsuite name="com.yc.suite.IgnoreTest" tests="1" time="0.009" ignored="1" failures="0" timestamp="07 十一月 2018 00:50:08 GMT" skipped="0" hostname="6K34I5TND988MCK" errors="0">
  <testcase name="ignoreTest1" time="0.009" classname="com.yc.suite.IgnoreTest"/>
  <testcase name="ignoreTest2" classname="com.yc.suite.IgnoreTest">
    <skipped/>
  </testcase> <!-- ignoreTest2 -->
</testsuite> <!-- com.yc.suite.IgnoreTest -->
