<?xml version="1.0" encoding="UTF-8"?>
<!-- Generated by org.testng.reporters.JUnitReportReporter -->
<testsuite name="com.yc.test.BasicAnnotation" tests="2" time="0.005" ignored="0" failures="0" timestamp="06 十一月 2018 13:06:38 GMT" skipped="0" hostname="6K34I5TND988MCK" errors="0">
  <testcase name="test1" time="0.004" classname="com.yc.test.BasicAnnotation"/>
  <testcase name="test2" time="0.001" classname="com.yc.test.BasicAnnotation"/>
</testsuite> <!-- com.yc.test.BasicAnnotation -->
