<?xml version="1.0" encoding="UTF-8"?>
<!-- Generated by org.testng.reporters.JUnitReportReporter -->
<testsuite name="com.yc.groups.GroupTest" tests="4" time="0.016" ignored="0" failures="0" timestamp="07 十一月 2018 01:06:08 GMT" skipped="0" hostname="6K34I5TND988MCK" errors="0">
  <testcase name="service1" time="0.001" classname="com.yc.groups.GroupTest"/>
  <testcase name="client2" time="0.002" classname="com.yc.groups.GroupTest"/>
  <testcase name="service2" time="0.001" classname="com.yc.groups.GroupTest"/>
  <testcase name="client1" time="0.012" classname="com.yc.groups.GroupTest"/>
</testsuite> <!-- com.yc.groups.GroupTest -->
