<?xml version="1.0" encoding="UTF-8"?>
<!-- Generated by org.testng.reporters.JUnitReportReporter -->
<testsuite name="com.yc.suite.LoginTest" tests="1" time="0.005" ignored="0" failures="0" timestamp="07 十一月 2018 00:30:55 GMT" skipped="0" hostname="6K34I5TND988MCK" errors="0">
  <testcase name="LoginTaobao" time="0.005" classname="com.yc.suite.LoginTest"/>
</testsuite> <!-- com.yc.suite.LoginTest -->
